<?xml version="1.0" encoding="UTF-8"?>
<!-- Generated by org.testng.reporters.JUnitReportReporter -->
<testsuite hostname="Souvik" failures="0" tests="1" name="cucumber.TestNGTestRunner" time="20.666" errors="0" timestamp="2024-06-05T11:44:37 IST" skipped="0">
  <testcase classname="cucumber.TestNGTestRunner" name="runScenario" time="20.666"/>
</testsuite> <!-- cucumber.TestNGTestRunner -->
